[10:41:37] [Client thread/INFO]: Setting user: Pepa489
[10:41:58] [Client thread/INFO]: [OptiFine] *** Reflector Forge ***
[10:41:58] [Client thread/INFO]: [OptiFine] (Reflector) Class not present: net.minecraftforge.client.model.Attributes
[10:41:59] [Client thread/INFO]: [OptiFine] (Reflector) Class not present: mods.betterfoliage.client.BetterFoliageClient
[10:41:59] [Client thread/INFO]: [OptiFine] (Reflector) Class not present: net.minecraftforge.fml.common.asm.transformers.BlamingTransformer
[10:41:59] [Client thread/INFO]: [OptiFine] (Reflector) Class not present: net.minecraftforge.event.world.ChunkWatchEvent$UnWatch
[10:41:59] [Client thread/INFO]: [OptiFine] (Reflector) Class not present: net.minecraftforge.fml.relauncher.CoreModManager
[10:41:59] [Client thread/INFO]: [OptiFine] (Reflector) Class not present: net.minecraftforge.common.DimensionManager
[10:41:59] [Client thread/INFO]: [OptiFine] (Reflector) Class not present: net.minecraftforge.client.event.GuiScreenEvent$DrawScreenEvent$Pre
[10:41:59] [Client thread/INFO]: [OptiFine] (Reflector) Class not present: net.minecraftforge.client.event.GuiScreenEvent$DrawScreenEvent$Post
[10:41:59] [Client thread/INFO]: [OptiFine] (Reflector) Class not present: net.minecraftforge.client.event.EntityViewRenderEvent$CameraSetup
[10:41:59] [Client thread/INFO]: [OptiFine] (Reflector) Class not present: net.minecraftforge.client.event.EntityViewRenderEvent$FogColors
[10:41:59] [Client thread/INFO]: [OptiFine] (Reflector) Class not present: net.minecraftforge.client.event.EntityViewRenderEvent$RenderFogEvent
[10:41:59] [Client thread/INFO]: [OptiFine] (Reflector) Class not present: net.minecraftforge.fml.common.eventhandler.Event
[10:41:59] [Client thread/INFO]: [OptiFine] (Reflector) Class not present: net.minecraftforge.fml.common.eventhandler.EventBus
[10:41:59] [Client thread/INFO]: [OptiFine] (Reflector) Class not present: net.minecraftforge.fml.common.eventhandler.Event$Result
[10:41:59] [Client thread/INFO]: [OptiFine] (Reflector) Class not present: net.minecraftforge.common.property.ExtendedBlockState
[10:41:59] [Client thread/INFO]: [OptiFine] (Reflector) Class not present: net.minecraftforge.fml.client.FMLClientHandler
[10:41:59] [Client thread/INFO]: [OptiFine] (Reflector) Class not present: net.minecraftforge.fml.common.FMLCommonHandler
[10:41:59] [Client thread/INFO]: [OptiFine] (Reflector) Method not present: akf.getWaterColorMultiplier
[10:41:59] [Client thread/INFO]: [OptiFine] (Reflector) Method not present: alu.addDestroyEffects
[10:41:59] [Client thread/INFO]: [OptiFine] (Reflector) Method not present: alu.addHitEffects
[10:41:59] [Client thread/INFO]: [OptiFine] (Reflector) Method not present: alu.canCreatureSpawn
[10:41:59] [Client thread/INFO]: [OptiFine] (Reflector) Method not present: alu.canRenderInLayer
[10:41:59] [Client thread/INFO]: [OptiFine] (Reflector) Method not present: alu.doesSideBlockRendering
[10:41:59] [Client thread/INFO]: [OptiFine] (Reflector) Method not present: alu.getBedDirection
[10:41:59] [Client thread/INFO]: [OptiFine] (Reflector) Method not present: alu.getExtendedState
[10:41:59] [Client thread/INFO]: [OptiFine] (Reflector) Method not present: alu.getLightOpacity
[10:41:59] [Client thread/INFO]: [OptiFine] (Reflector) Method not present: alu.getLightValue
[10:41:59] [Client thread/INFO]: [OptiFine] (Reflector) Method not present: alu.getSoundType
[10:41:59] [Client thread/INFO]: [OptiFine] (Reflector) Method not present: alu.hasTileEntity
[10:41:59] [Client thread/INFO]: [OptiFine] (Reflector) Method not present: alu.isAir
[10:41:59] [Client thread/INFO]: [OptiFine] (Reflector) Method not present: alu.isBed
[10:41:59] [Client thread/INFO]: [OptiFine] (Reflector) Method not present: alu.isBedFoot
[10:41:59] [Client thread/INFO]: [OptiFine] (Reflector) Method not present: alu.isSideSolid
[10:41:59] [Client thread/INFO]: [OptiFine] (Reflector) Method not present: sn.canRiderInteract
[10:41:59] [Client thread/INFO]: [OptiFine] (Reflector) Field not present: sn.captureDrops
[10:41:59] [Client thread/INFO]: [OptiFine] (Reflector) Field not present: sn.capturedDrops
[10:41:59] [Client thread/INFO]: [OptiFine] (Reflector) Method not present: sn.shouldRenderInPass
[10:41:59] [Client thread/INFO]: [OptiFine] (Reflector) Method not present: sn.shouldRiderSit
[10:41:59] [Client thread/INFO]: [OptiFine] (Reflector) Class not present: net.minecraftforge.event.ForgeEventFactory
[10:41:59] [Client thread/INFO]: [OptiFine] (Reflector) Class not present: net.minecraftforge.common.ForgeHooks
[10:41:59] [Client thread/INFO]: [OptiFine] (Reflector) Class not present: net.minecraftforge.client.ForgeHooksClient
[10:41:59] [Client thread/INFO]: [OptiFine] (Reflector) Method not present: afh.getDurabilityForDisplay
[10:41:59] [Client thread/INFO]: [OptiFine] (Reflector) Method not present: afh.getRGBDurabilityForDisplay
[10:41:59] [Client thread/INFO]: [OptiFine] (Reflector) Method not present: afh.onEntitySwing
[10:41:59] [Client thread/INFO]: [OptiFine] (Reflector) Method not present: afh.shouldCauseReequipAnimation
[10:41:59] [Client thread/INFO]: [OptiFine] (Reflector) Method not present: afh.showDurabilityBar
[10:41:59] [Client thread/INFO]: [OptiFine] (Reflector) Method not present: bro.handleItemState
[10:41:59] [Client thread/INFO]: [OptiFine] (Reflector) Method not present: adp.hasOverlay
[10:41:59] [Client thread/INFO]: [OptiFine] (Reflector) Method not present: afy.getRecordResource
[10:41:59] [Client thread/INFO]: [OptiFine] (Reflector) Method not present: bep.setKeyConflictContext
[10:41:59] [Client thread/INFO]: [OptiFine] (Reflector) Method not present: bep.setKeyModifierAndCode
[10:41:59] [Client thread/INFO]: [OptiFine] (Reflector) Method not present: bep.getKeyModifier
[10:41:59] [Client thread/INFO]: [OptiFine] (Reflector) Class not present: net.minecraftforge.common.ForgeModContainer
[10:41:59] [Client thread/INFO]: [OptiFine] (Reflector) Method not present: sg.shouldRenderHUD
[10:41:59] [Client thread/INFO]: [OptiFine] (Reflector) Method not present: sg.renderHUDEffect
[10:41:59] [Client thread/INFO]: [OptiFine] (Reflector) Method not present: sh.isCurativeItem
[10:41:59] [Client thread/INFO]: [OptiFine] (Reflector) Method not present: asc.canRenderBreaking
[10:41:59] [Client thread/INFO]: [OptiFine] (Reflector) Method not present: asc.getRenderBoundingBox
[10:41:59] [Client thread/INFO]: [OptiFine] (Reflector) Method not present: asc.hasFastRenderer
[10:41:59] [Client thread/INFO]: [OptiFine] (Reflector) Method not present: asc.shouldRenderInPass
[10:41:59] [Client thread/INFO]: [OptiFine] (Reflector) Method not present: bzk$b.preDraw
[10:41:59] [Client thread/INFO]: [OptiFine] (Reflector) Method not present: bzk$b.postDraw
[10:41:59] [Client thread/INFO]: [OptiFine] (Reflector) Method not present: ajs.countEntities
[10:41:59] [Client thread/INFO]: [OptiFine] (Reflector) Method not present: ajs.getPerWorldStorage
[10:41:59] [Client thread/INFO]: [OptiFine] (Reflector) Method not present: ajs.initCapabilities
[10:41:59] [Client thread/INFO]: [OptiFine] (Reflector) Method not present: avf.getCloudRenderer
[10:41:59] [Client thread/INFO]: [OptiFine] (Reflector) Method not present: avf.getSkyRenderer
[10:41:59] [Client thread/INFO]: [OptiFine] (Reflector) Method not present: avf.getWeatherRenderer
[10:41:59] [Client thread/INFO]: [OptiFine] (Reflector) Class not present: net.minecraftforge.fml.client.GuiModList
[10:41:59] [Client thread/INFO]: [OptiFine] (Reflector) Class not present: net.minecraftforge.common.property.IExtendedBlockState
[10:41:59] [Client thread/INFO]: [OptiFine] (Reflector) Class not present: net.minecraftforge.client.IRenderHandler
[10:41:59] [Client thread/INFO]: [OptiFine] (Reflector) Class not present: net.minecraftforge.client.ItemModelMesherForge
[10:41:59] [Client thread/INFO]: [OptiFine] (Reflector) Class not present: net.minecraftforge.client.settings.KeyConflictContext
[10:41:59] [Client thread/INFO]: [OptiFine] (Reflector) Class not present: net.minecraftforge.client.settings.KeyModifier
[10:41:59] [Client thread/INFO]: [OptiFine] (Reflector) Class not present: net.minecraftforge.client.model.pipeline.LightUtil
[10:41:59] [Client thread/INFO]: [OptiFine] (Reflector) Class not present: net.minecraftforge.common.MinecraftForge
[10:41:59] [Client thread/INFO]: [OptiFine] (Reflector) Class not present: net.minecraftforge.client.MinecraftForgeClient
[10:41:59] [Client thread/INFO]: [OptiFine] (Reflector) Class not present: net.minecraftforge.client.model.ModelLoader
[10:41:59] [Client thread/INFO]: [OptiFine] (Reflector) Class not present: net.minecraftforge.client.gui.NotificationModUpdateScreen
[10:41:59] [Client thread/INFO]: [OptiFine] (Reflector) Class not present: net.minecraftforge.client.event.RenderBlockOverlayEvent$OverlayType
[10:41:59] [Client thread/INFO]: [OptiFine] (Reflector) Class not present: net.minecraftforge.fml.client.registry.RenderingRegistry
[10:41:59] [Client thread/INFO]: [OptiFine] (Reflector) Class not present: net.minecraftforge.client.event.RenderItemInFrameEvent
[10:41:59] [Client thread/INFO]: [OptiFine] (Reflector) Class not present: net.minecraftforge.client.event.RenderLivingEvent$Pre
[10:41:59] [Client thread/INFO]: [OptiFine] (Reflector) Class not present: net.minecraftforge.client.event.RenderLivingEvent$Post
[10:41:59] [Client thread/INFO]: [OptiFine] (Reflector) Class not present: net.minecraftforge.client.event.RenderLivingEvent$Specials$Pre
[10:41:59] [Client thread/INFO]: [OptiFine] (Reflector) Class not present: net.minecraftforge.client.event.RenderLivingEvent$Specials$Post
[10:41:59] [Client thread/INFO]: [OptiFine] (Reflector) Class not present: net.minecraftforge.client.event.ScreenshotEvent
[10:41:59] [Client thread/INFO]: [OptiFine] (Reflector) Class not present: net.minecraftforge.fml.client.SplashProgress
[10:41:59] [Client thread/INFO]: [OptiFine] (Reflector) Class not present: net.minecraftforge.event.world.WorldEvent$Load
[10:41:59] [Client thread/INFO]: [OptiFine] *** Reflector Vanilla ***
[10:42:01] [Client thread/WARN]: Skipping bad option: lastServer:
[10:42:01] [Client thread/INFO]: LWJGL Version: 2.9.4
[10:42:03] [Client thread/INFO]: [OptiFine] 
[10:42:03] [Client thread/INFO]: [OptiFine] OptiFine_1.11.2_HD_U_B7
[10:42:03] [Client thread/INFO]: [OptiFine] Build: 20170209-115434
[10:42:03] [Client thread/INFO]: [OptiFine] OS: Linux (arm) version 4.9.24-v7+
[10:42:03] [Client thread/INFO]: [OptiFine] Java: 1.8.0_65, Oracle Corporation
[10:42:03] [Client thread/INFO]: [OptiFine] VM: Java HotSpot(TM) Client VM (mixed mode), Oracle Corporation
[10:42:03] [Client thread/INFO]: [OptiFine] LWJGL: 2.9.4
[10:42:03] [Client thread/INFO]: [OptiFine] OpenGL: Gallium 0.4 on VC4 V3D 2.1, version 2.1 Mesa 13.0.0, Broadcom
[10:42:03] [Client thread/INFO]: [OptiFine] OpenGL Version: 2.1.0
[10:42:03] [Client thread/INFO]: [OptiFine] Maximum texture size: 2048x2048
[10:42:03] [Thread-4/INFO]: [OptiFine] Checking for new version
[10:42:03] [Client thread/INFO]: [Shaders] ShadersMod version: 2.4.12
[10:42:03] [Client thread/INFO]: [Shaders] OpenGL Version: 2.1 Mesa 13.0.0
[10:42:03] [Client thread/INFO]: [Shaders] Vendor:  Broadcom
[10:42:03] [Client thread/INFO]: [Shaders] Renderer: Gallium 0.4 on VC4 V3D 2.1
[10:42:03] [Client thread/INFO]: [Shaders] Capabilities:  2.0  2.1  -  -  - 
[10:42:03] [Client thread/INFO]: [Shaders] GL_MAX_DRAW_BUFFERS: 1
[10:42:03] [Client thread/INFO]: [Shaders] GL_MAX_COLOR_ATTACHMENTS_EXT: 1
[10:42:03] [Client thread/INFO]: [Shaders] GL_MAX_TEXTURE_IMAGE_UNITS: 16
[10:42:03] [Client thread/INFO]: [Shaders] Load ShadersMod configuration.
[10:42:03] [Client thread/INFO]: [Shaders] Shaders can not be loaded, Fast Render is enabled.
[10:42:03] [Client thread/INFO]: [Shaders] No shaderpack loaded.
[10:42:03] [Thread-4/INFO]: [OptiFine] Version found: B9
[10:42:03] [Client thread/INFO]: Reloading ResourceManager: Default, TinyMiner
[10:42:04] [Client thread/INFO]: [OptiFine] *** Reloading textures ***
[10:42:04] [Client thread/INFO]: [OptiFine] Resource packs: TinyMiner
[10:42:08] [Sound Library Loader/INFO]: Starting up SoundSystem...
[10:42:09] [Thread-5/INFO]: Initializing LWJGL OpenAL
[10:42:09] [Thread-5/INFO]: (The LWJGL binding of OpenAL.  For more information, see http://www.lwjgl.org)
[10:42:20] [Client thread/INFO]: [OptiFine] Multitexture: false
[10:42:21] [Client thread/INFO]: [OptiFine] BetterGrass: Parsing default configuration optifine/bettergrass.properties
[10:42:28] [Client thread/INFO]: Created: 512x256 textures-atlas
[10:42:37] [Client thread/INFO]: [OptiFine] *** Reloading custom textures ***
[10:42:40] [Realms Notification Availability checker #1/INFO]: Could not authorize you against Realms server: Invalid session id
[10:44:23] [Server thread/INFO]: Starting integrated minecraft server version 1.11.2
[10:44:23] [Server thread/INFO]: Generating keypair
[10:44:29] [Server thread/INFO]: Preparing start region for level 0
[10:44:34] [Server thread/INFO]: Preparing spawn area: 0%
[10:44:35] [Server thread/INFO]: Preparing spawn area: 3%
[10:44:36] [Server thread/INFO]: Preparing spawn area: 7%
[10:44:37] [Server thread/INFO]: Preparing spawn area: 11%
[10:44:38] [Server thread/INFO]: Preparing spawn area: 15%
[10:44:39] [Server thread/INFO]: Preparing spawn area: 19%
[10:44:41] [Server thread/INFO]: Preparing spawn area: 20%
[10:44:42] [Server thread/INFO]: Preparing spawn area: 22%
[10:44:43] [Server thread/INFO]: Preparing spawn area: 25%
[10:44:44] [Server thread/INFO]: Preparing spawn area: 29%
[10:44:45] [Server thread/INFO]: Preparing spawn area: 32%
[10:44:46] [Server thread/INFO]: Preparing spawn area: 36%
[10:44:47] [Server thread/INFO]: Preparing spawn area: 40%
[10:44:48] [Server thread/INFO]: Preparing spawn area: 44%
[10:44:49] [Server thread/INFO]: Preparing spawn area: 48%
[10:44:50] [Server thread/INFO]: Preparing spawn area: 52%
[10:44:51] [Server thread/INFO]: Preparing spawn area: 56%
[10:44:52] [Server thread/INFO]: Preparing spawn area: 61%
[10:44:53] [Server thread/INFO]: Preparing spawn area: 65%
[10:44:54] [Server thread/INFO]: Preparing spawn area: 70%
[10:44:55] [Server thread/INFO]: Preparing spawn area: 75%
[10:44:56] [Server thread/INFO]: Preparing spawn area: 81%
[10:44:57] [Server thread/INFO]: Preparing spawn area: 86%
[10:44:58] [Server thread/INFO]: Preparing spawn area: 92%
[10:44:59] [Server thread/INFO]: Preparing spawn area: 99%
[10:45:00] [Server thread/INFO]: Changing view distance to 2, from 10
[10:45:02] [Server thread/WARN]: Can't keep up! Did the system time change, or is the server overloaded? Running 2980ms behind, skipping 59 tick(s)
[10:45:12] [Server thread/INFO]: Pepa489[local:E:c0786958] logged in with entity id 294 at (-282.83453439752486, 63.0, 35.55571532198553)
[10:45:12] [Server thread/INFO]: Pepa489 joined the game
[10:45:20] [Server thread/INFO]: Saving and pausing game...
[10:45:23] [Client thread/INFO]: [CHAT] A new §eOptiFine§f version is available: §eHD Ultra B9§f
[10:45:24] [Server thread/INFO]: Saving chunks for level 'test'/Overworld
[10:45:27] [Server thread/INFO]: Saving chunks for level 'test'/Nether
[10:45:27] [Server thread/INFO]: Saving chunks for level 'test'/The End
[10:45:40] [Client thread/INFO]: [CHAT] Saved screenshot as 2017-06-17_10.45.39.png
[10:46:16] [Server thread/INFO]: Saving and pausing game...
[10:46:16] [Server thread/INFO]: Saving chunks for level 'test'/Overworld
[10:46:18] [Server thread/INFO]: Saving chunks for level 'test'/Nether
[10:46:18] [Server thread/INFO]: Saving chunks for level 'test'/The End
[10:46:18] [Server thread/WARN]: Can't keep up! Did the system time change, or is the server overloaded? Running 42184ms behind, skipping 843 tick(s)
[10:46:48] [Server thread/INFO]: Stopping server
[10:46:48] [Server thread/INFO]: Saving players
[10:46:50] [Server thread/INFO]: Pepa489 lost connection: TextComponent{text='Disconnected', siblings=[], style=Style{hasParent=false, color=null, bold=null, italic=null, underlined=null, obfuscated=null, clickEvent=null, hoverEvent=null, insertion=null}}
[10:46:50] [Server thread/INFO]: Pepa489 left the game
[10:46:50] [Server thread/INFO]: Stopping singleplayer server as player logged out
[10:46:50] [Server thread/INFO]: Saving worlds
[10:46:50] [Server thread/INFO]: Saving chunks for level 'test'/Overworld
[10:46:50] [Server thread/INFO]: Saving chunks for level 'test'/Nether
[10:46:50] [Server thread/INFO]: Saving chunks for level 'test'/The End
[10:46:56] [Client thread/INFO]: Stopping!
